# configure exec: ./configure --prefix=/home/sanjay/Desktop/vue-express-api/node_modules/node-rdkafka/build/deps --libdir=/home/sanjay/Desktop/vue-express-api/node_modules/node-rdkafka/build/deps --prefix=/home/sanjay/Desktop/vue-express-api/node_modules/node-rdkafka/build/deps --libdir=/home/sanjay/Desktop/vue-express-api/node_modules/node-rdkafka/build/deps
# On Mon  5 Oct 21:56:18 IST 2020
DBG 10878: Setting distro (distro) status to ok (action ignore)
DBG 10878: ccenv: WITH_CC:  --version failed: mklove/modules/configure.base: line 1747: --version: command not found
DBG 10878: Setting ccenv (ccenv) status to failed (action cont)
DBG 10878: Check ccenv (WITH_CC, action cont (originally cont)) failed: command ' --version' failed:
mklove/modules/configure.base: line 1747: --version: command not found
DBG 10878: Setting gcc (gcc) status to ok (action cont)
DBG 10878: cxxenv: WITH_CXX:  --version failed: mklove/modules/configure.base: line 1747: --version: command not found
DBG 10878: Setting cxxenv (cxxenv) status to failed (action cont)
DBG 10878: Check cxxenv (WITH_CXX, action cont (originally cont)) failed: command ' --version' failed:
mklove/modules/configure.base: line 1747: --version: command not found
DBG 10878: Setting gxx (gxx) status to ok (action cont)
DBG 10878: Setting ld (ld) status to ok (action disable)
DBG 10878: Setting nm (nm) status to ok (action disable)
DBG 10878: Setting objdump (objdump) status to ok (action disable)
DBG 10878: Setting strip (strip) status to ok (action disable)
DBG 10878: libtool: : libtool is not executable: 
DBG 10878: Setting libtool (libtool) status to failed (action disable)
DBG 10878: Check libtool (, action disable (originally disable)) failed: libtool is not executable
DBG 10878: Setting pkgconfig (pkgconfig) status to ok (action cont)
DBG 10878: Setting install (install) status to ok (action cont)
DBG 10878: Compile check PIC (HAVE_PIC) (sub=0): gcc  -g -O2 -Wall -Werror _mkltmpwlEoFl.c -o _mkltmpwlEoFl.c.o  -L/home/sanjay/Desktop/vue-express-api/node_modules/node-rdkafka/build/deps -fPIC
DBG 10878: Setting PIC (PIC) status to ok (action disable)
DBG 10878: Compile check gnulib (WITH_GNULD) (sub=0): gcc  -g -O2 -fPIC -Wall -Werror _mkltmpabhfB0.c -o _mkltmpabhfB0.c.o  -L/home/sanjay/Desktop/vue-express-api/node_modules/node-rdkafka/build/deps -shared -Wl,-soname,mkltest.0
DBG 10878: Setting gnulib (gnulib) status to ok (action cont)
DBG 10878: Compile check ldsflagvs () (sub=0): gcc  -g -O2 -fPIC -Wall -Werror _mkltmpxjuk2Z.c -o _mkltmpxjuk2Z.c.o  -L/home/sanjay/Desktop/vue-express-api/node_modules/node-rdkafka/build/deps -shared -Wl,--version-script=_mkltmphUDMgH
DBG 10878: Setting ldsflagvs (ldsflagvs) status to ok (action cont)
DBG 10878: Compile check __atomic_32 (HAVE_ATOMICS_32) (sub=0): gcc  -g -O2 -fPIC -Wall -Werror _mkltmp3IHCJz.c -o _mkltmp3IHCJz.c.o  -L/home/sanjay/Desktop/vue-express-api/node_modules/node-rdkafka/build/deps 
DBG 10878: Setting __atomic_32 (__atomic_32) status to ok (action cont)
DBG 10878: Compile check __atomic_64 (HAVE_ATOMICS_64) (sub=0): gcc  -g -O2 -fPIC -Wall -Werror _mkltmpYeVkkt.c -o _mkltmpYeVkkt.c.o  -L/home/sanjay/Desktop/vue-express-api/node_modules/node-rdkafka/build/deps 
DBG 10878: Setting __atomic_64 (__atomic_64) status to ok (action cont)
DBG 10878: Compile check socket () (sub=0): gcc  -g -O2 -fPIC -Wall -Wsign-compare -Wfloat-equal -Wpointer-arith -Wcast-align -Wall -Werror _mkltmplKFV3P.c -o _mkltmplKFV3P.c.o  -L/home/sanjay/Desktop/vue-express-api/node_modules/node-rdkafka/build/deps 
DBG 10878: Setting socket (socket) status to ok (action cont)
DBG 10878: Setting parseversion (parseversion) status to ok (action cont)
DBG 10878: pkg-config check librt for CFLAGS (): pkg-config --short-errors --cflags librt
DBG 10878: 'pkg-config --short-errors --cflags librt' failed: No package 'librt' found
DBG 10878: Setting librt_PKGCONFIG (librt_PKGCONFIG) status to failed (action cont)
DBG 10878: Check librt_PKGCONFIG (, action cont (originally cont)) failed: 'pkg-config --short-errors --cflags librt' failed:
No package 'librt' found
DBG 10878: librt: Check for static library (libs -lrt, arfile variable STATIC_LIB_librt=, static filenames )
DBG 10878: Compile check librt () (sub=0): gcc  -g -O2 -fPIC -Wall -Wsign-compare -Wfloat-equal -Wpointer-arith -Wcast-align -Wall -Werror _mkltmp8kND3o.c -o _mkltmp8kND3o.c.o  -L/home/sanjay/Desktop/vue-express-api/node_modules/node-rdkafka/build/deps -lrt
DBG 10878: Setting librt (librt) status to ok (action cont)
DBG 10878: librt: from lib_check: LIBS: prepend -lrt
DBG 10878: pkg-config check libpthread for CFLAGS (): pkg-config --short-errors --cflags libpthread
DBG 10878: 'pkg-config --short-errors --cflags libpthread' failed: No package 'libpthread' found
DBG 10878: Setting libpthread_PKGCONFIG (libpthread_PKGCONFIG) status to failed (action cont)
DBG 10878: Check libpthread_PKGCONFIG (, action cont (originally cont)) failed: 'pkg-config --short-errors --cflags libpthread' failed:
No package 'libpthread' found
DBG 10878: libpthread: Check for static library (libs -lpthread, arfile variable STATIC_LIB_libpthread=, static filenames )
DBG 10878: Compile check libpthread () (sub=0): gcc  -g -O2 -fPIC -Wall -Wsign-compare -Wfloat-equal -Wpointer-arith -Wcast-align -Wall -Werror _mkltmpYEbTle.c -o _mkltmpYEbTle.c.o  -L/home/sanjay/Desktop/vue-express-api/node_modules/node-rdkafka/build/deps -lpthread
DBG 10878: Setting libpthread (libpthread) status to ok (action fail)
DBG 10878: libpthread: from lib_check: LIBS: prepend -lpthread
DBG 10878: pkg-config check c11threads for CFLAGS (WITH_C11THREADS): pkg-config --short-errors --cflags c11threads
DBG 10878: 'pkg-config --short-errors --cflags c11threads' failed: No package 'c11threads' found
DBG 10878: Setting c11threads_PKGCONFIG (c11threads_PKGCONFIG) status to failed (action cont)
DBG 10878: Check c11threads_PKGCONFIG (, action cont (originally cont)) failed: 'pkg-config --short-errors --cflags c11threads' failed:
No package 'c11threads' found
DBG 10878: c11threads: Check for static library (libs -lpthread -lrt, arfile variable STATIC_LIB_c11threads=, static filenames )
DBG 10878: Compile check c11threads (WITH_C11THREADS) (sub=0): gcc  -g -O2 -fPIC -Wall -Wsign-compare -Wfloat-equal -Wpointer-arith -Wcast-align -Wall -Werror _mkltmpmg7Vcg.c -o _mkltmpmg7Vcg.c.o  -L/home/sanjay/Desktop/vue-express-api/node_modules/node-rdkafka/build/deps -lpthread -lrt
DBG 10878: compile check for c11threads (WITH_C11THREADS) failed: gcc  -g -O2 -fPIC -Wall -Wsign-compare -Wfloat-equal -Wpointer-arith -Wcast-align -Wall -Werror _mkltmpmg7Vcg.c -o _mkltmpmg7Vcg.c.o  -L/home/sanjay/Desktop/vue-express-api/node_modules/node-rdkafka/build/deps -lpthread -lrt: _mkltmpmg7Vcg.c:2:10: fatal error: threads.h: No such file or directory
 #include <threads.h>
          ^~~~~~~~~~~
compilation terminated.
DBG 10878: Setting c11threads (c11threads) status to failed (action disable)
DBG 10878: Check c11threads (WITH_C11THREADS, action disable (originally disable)) failed: compile check failed:
CC: CC
flags: -lpthread -lrt
gcc  -g -O2 -fPIC -Wall -Wsign-compare -Wfloat-equal -Wpointer-arith -Wcast-align -Wall -Werror _mkltmpmg7Vcg.c -o _mkltmpmg7Vcg.c.o  -L/home/sanjay/Desktop/vue-express-api/node_modules/node-rdkafka/build/deps -lpthread -lrt:
_mkltmpmg7Vcg.c:2:10: fatal error: threads.h: No such file or directory
 #include <threads.h>
          ^~~~~~~~~~~
compilation terminated.
source: 
#include <threads.h>


static int start_func (void *arg) {
   int iarg = *(int *)arg;
   return iarg;
}

void foo (void) {
    thrd_t thr;
    int arg = 1;
    if (thrd_create(&thr, start_func, (void *)&arg) != thrd_success) {
      ;
    }
}

DBG 10878: pkg-config check libdl for CFLAGS (WITH_LIBDL): pkg-config --short-errors --cflags libdl
DBG 10878: 'pkg-config --short-errors --cflags libdl' failed: No package 'libdl' found
DBG 10878: Setting libdl_PKGCONFIG (libdl_PKGCONFIG) status to failed (action cont)
DBG 10878: Check libdl_PKGCONFIG (, action cont (originally cont)) failed: 'pkg-config --short-errors --cflags libdl' failed:
No package 'libdl' found
DBG 10878: libdl: Check for static library (libs -ldl, arfile variable STATIC_LIB_libdl=, static filenames )
DBG 10878: Compile check libdl (WITH_LIBDL) (sub=0): gcc  -g -O2 -fPIC -Wall -Wsign-compare -Wfloat-equal -Wpointer-arith -Wcast-align -Wall -Werror _mkltmpV1GMBz.c -o _mkltmpV1GMBz.c.o  -L/home/sanjay/Desktop/vue-express-api/node_modules/node-rdkafka/build/deps -ldl
DBG 10878: Setting libdl (libdl) status to ok (action disable)
DBG 10878: libdl: from lib_check: LIBS: prepend -ldl
DBG 10878: pkg-config check zlib for CFLAGS (WITH_ZLIB): pkg-config --short-errors --cflags zlib
DBG 10878: pkg-config check zlib for LIBS (WITH_ZLIB): pkg-config --short-errors --libs zlib
DBG 10878: zlib: from pkg-config: CFLAGS '', LIBS '-ldl -lpthread -lrt'
DBG 10878: zlib: performing compile check using pkg-config info
DBG 10878: Compile check zlib (WITH_ZLIB) (sub=1): gcc  -g -O2 -fPIC -Wall -Wsign-compare -Wfloat-equal -Wpointer-arith -Wcast-align -Wall -Werror _mkltmp7vX8TL.c -o _mkltmp7vX8TL.c.o  -L/home/sanjay/Desktop/vue-express-api/node_modules/node-rdkafka/build/deps  -lz
DBG 10878: zlib: Check for static library (libs -lz, arfile variable STATIC_LIB_zlib=, static filenames libz.a)
DBG 10878: zlib: from pkg-config: LIBS: prepend -lz
DBG 10878: Setting zlib (zlib) status to ok (action cont)
DBG 10878: pkg-config check libcrypto for CFLAGS (): pkg-config --short-errors --cflags libcrypto
DBG 10878: 'pkg-config --short-errors --cflags libcrypto' failed: No package 'libcrypto' found
DBG 10878: Setting libcrypto_PKGCONFIG (libcrypto_PKGCONFIG) status to failed (action cont)
DBG 10878: Check libcrypto_PKGCONFIG (, action cont (originally cont)) failed: 'pkg-config --short-errors --cflags libcrypto' failed:
No package 'libcrypto' found
DBG 10878: libcrypto: Check for static library (libs -lcrypto, arfile variable STATIC_LIB_libcrypto=, static filenames libcrypto.a)
DBG 10878: Compile check libcrypto () (sub=0): gcc  -g -O2 -fPIC -Wall -Wsign-compare -Wfloat-equal -Wpointer-arith -Wcast-align -Wall -Werror _mkltmpsaoLkD.c -o _mkltmpsaoLkD.c.o  -L/home/sanjay/Desktop/vue-express-api/node_modules/node-rdkafka/build/deps -lcrypto
DBG 10878: compile check for libcrypto () failed: gcc  -g -O2 -fPIC -Wall -Wsign-compare -Wfloat-equal -Wpointer-arith -Wcast-align -Wall -Werror _mkltmpsaoLkD.c -o _mkltmpsaoLkD.c.o  -L/home/sanjay/Desktop/vue-express-api/node_modules/node-rdkafka/build/deps -lcrypto: _mkltmpsaoLkD.c:2:10: fatal error: openssl/ssl.h: No such file or directory
 #include <openssl/ssl.h>
          ^~~~~~~~~~~~~~~
compilation terminated.
DBG 10878: Setting libcrypto (libcrypto) status to failed (action disable)
DBG 10878: Check libcrypto (, action disable (originally disable)) failed: compile check failed:
CC: CC
flags: -lcrypto
gcc  -g -O2 -fPIC -Wall -Wsign-compare -Wfloat-equal -Wpointer-arith -Wcast-align -Wall -Werror _mkltmpsaoLkD.c -o _mkltmpsaoLkD.c.o  -L/home/sanjay/Desktop/vue-express-api/node_modules/node-rdkafka/build/deps -lcrypto:
_mkltmpsaoLkD.c:2:10: fatal error: openssl/ssl.h: No such file or directory
 #include <openssl/ssl.h>
          ^~~~~~~~~~~~~~~
compilation terminated.
source: 
#include <openssl/ssl.h>
#include <openssl/evp.h>
#if OPENSSL_VERSION_NUMBER < 0x1000100fL
#error "Requires OpenSSL version >= v1.0.1"
#endif
DBG 10878: pkg-config check libsasl2 for CFLAGS (WITH_SASL_CYRUS): pkg-config --short-errors --cflags libsasl2
DBG 10878: 'pkg-config --short-errors --cflags libsasl2' failed: No package 'libsasl2' found
DBG 10878: Setting libsasl2_PKGCONFIG (libsasl2_PKGCONFIG) status to failed (action cont)
DBG 10878: Check libsasl2_PKGCONFIG (, action cont (originally cont)) failed: 'pkg-config --short-errors --cflags libsasl2' failed:
No package 'libsasl2' found
DBG 10878: libsasl2: Check for static library (libs -lsasl2, arfile variable STATIC_LIB_libsasl2=, static filenames )
DBG 10878: Compile check libsasl2 (WITH_SASL_CYRUS) (sub=0): gcc  -g -O2 -fPIC -Wall -Wsign-compare -Wfloat-equal -Wpointer-arith -Wcast-align -Wall -Werror _mkltmp3UFcMi.c -o _mkltmp3UFcMi.c.o  -L/home/sanjay/Desktop/vue-express-api/node_modules/node-rdkafka/build/deps -lsasl2
DBG 10878: compile check for libsasl2 (WITH_SASL_CYRUS) failed: gcc  -g -O2 -fPIC -Wall -Wsign-compare -Wfloat-equal -Wpointer-arith -Wcast-align -Wall -Werror _mkltmp3UFcMi.c -o _mkltmp3UFcMi.c.o  -L/home/sanjay/Desktop/vue-express-api/node_modules/node-rdkafka/build/deps -lsasl2: _mkltmp3UFcMi.c:1:10: fatal error: sasl/sasl.h: No such file or directory
 #include <sasl/sasl.h>
          ^~~~~~~~~~~~~
compilation terminated.
DBG 10878: Setting libsasl2 (libsasl2) status to failed (action disable)
DBG 10878: Check libsasl2 (WITH_SASL_CYRUS, action disable (originally disable)) failed: compile check failed:
CC: CC
flags: -lsasl2
gcc  -g -O2 -fPIC -Wall -Wsign-compare -Wfloat-equal -Wpointer-arith -Wcast-align -Wall -Werror _mkltmp3UFcMi.c -o _mkltmp3UFcMi.c.o  -L/home/sanjay/Desktop/vue-express-api/node_modules/node-rdkafka/build/deps -lsasl2:
_mkltmp3UFcMi.c:1:10: fatal error: sasl/sasl.h: No such file or directory
 #include <sasl/sasl.h>
          ^~~~~~~~~~~~~
compilation terminated.
source: #include <sasl/sasl.h>
DBG 10878: pkg-config check libsasl for CFLAGS (WITH_SASL_CYRUS): pkg-config --short-errors --cflags libsasl
DBG 10878: 'pkg-config --short-errors --cflags libsasl' failed: No package 'libsasl' found
DBG 10878: Setting libsasl_PKGCONFIG (libsasl_PKGCONFIG) status to failed (action cont)
DBG 10878: Check libsasl_PKGCONFIG (, action cont (originally cont)) failed: 'pkg-config --short-errors --cflags libsasl' failed:
No package 'libsasl' found
DBG 10878: libsasl: Check for static library (libs -lsasl, arfile variable STATIC_LIB_libsasl=, static filenames )
DBG 10878: Compile check libsasl (WITH_SASL_CYRUS) (sub=0): gcc  -g -O2 -fPIC -Wall -Wsign-compare -Wfloat-equal -Wpointer-arith -Wcast-align -Wall -Werror _mkltmp1SHRe4.c -o _mkltmp1SHRe4.c.o  -L/home/sanjay/Desktop/vue-express-api/node_modules/node-rdkafka/build/deps -lsasl
DBG 10878: compile check for libsasl (WITH_SASL_CYRUS) failed: gcc  -g -O2 -fPIC -Wall -Wsign-compare -Wfloat-equal -Wpointer-arith -Wcast-align -Wall -Werror _mkltmp1SHRe4.c -o _mkltmp1SHRe4.c.o  -L/home/sanjay/Desktop/vue-express-api/node_modules/node-rdkafka/build/deps -lsasl: _mkltmp1SHRe4.c:1:10: fatal error: sasl/sasl.h: No such file or directory
 #include <sasl/sasl.h>
          ^~~~~~~~~~~~~
compilation terminated.
DBG 10878: Setting libsasl (libsasl) status to failed (action disable)
DBG 10878: Check libsasl (WITH_SASL_CYRUS, action disable (originally disable)) failed: compile check failed:
CC: CC
flags: -lsasl
gcc  -g -O2 -fPIC -Wall -Wsign-compare -Wfloat-equal -Wpointer-arith -Wcast-align -Wall -Werror _mkltmp1SHRe4.c -o _mkltmp1SHRe4.c.o  -L/home/sanjay/Desktop/vue-express-api/node_modules/node-rdkafka/build/deps -lsasl:
_mkltmp1SHRe4.c:1:10: fatal error: sasl/sasl.h: No such file or directory
 #include <sasl/sasl.h>
          ^~~~~~~~~~~~~
compilation terminated.
source: #include <sasl/sasl.h>
DBG 10878: pkg-config check libzstd for CFLAGS (WITH_ZSTD): pkg-config --short-errors --cflags libzstd
DBG 10878: 'pkg-config --short-errors --cflags libzstd' failed: No package 'libzstd' found
DBG 10878: Setting libzstd_PKGCONFIG (libzstd_PKGCONFIG) status to failed (action cont)
DBG 10878: Check libzstd_PKGCONFIG (, action cont (originally cont)) failed: 'pkg-config --short-errors --cflags libzstd' failed:
No package 'libzstd' found
DBG 10878: libzstd: Check for static library (libs -lzstd, arfile variable STATIC_LIB_libzstd=, static filenames libzstd.a)
DBG 10878: Compile check libzstd (WITH_ZSTD) (sub=0): gcc  -g -O2 -fPIC -Wall -Wsign-compare -Wfloat-equal -Wpointer-arith -Wcast-align -Wall -Werror _mkltmpZ5hfSj.c -o _mkltmpZ5hfSj.c.o  -L/home/sanjay/Desktop/vue-express-api/node_modules/node-rdkafka/build/deps -lzstd
DBG 10878: compile check for libzstd (WITH_ZSTD) failed: gcc  -g -O2 -fPIC -Wall -Wsign-compare -Wfloat-equal -Wpointer-arith -Wcast-align -Wall -Werror _mkltmpZ5hfSj.c -o _mkltmpZ5hfSj.c.o  -L/home/sanjay/Desktop/vue-express-api/node_modules/node-rdkafka/build/deps -lzstd: _mkltmpZ5hfSj.c:2:10: fatal error: zstd.h: No such file or directory
 #include <zstd.h>
          ^~~~~~~~
compilation terminated.
DBG 10878: Setting libzstd (libzstd) status to failed (action disable)
DBG 10878: Check libzstd (WITH_ZSTD, action disable (originally disable)) failed: compile check failed:
CC: CC
flags: -lzstd
gcc  -g -O2 -fPIC -Wall -Wsign-compare -Wfloat-equal -Wpointer-arith -Wcast-align -Wall -Werror _mkltmpZ5hfSj.c -o _mkltmpZ5hfSj.c.o  -L/home/sanjay/Desktop/vue-express-api/node_modules/node-rdkafka/build/deps -lzstd:
_mkltmpZ5hfSj.c:2:10: fatal error: zstd.h: No such file or directory
 #include <zstd.h>
          ^~~~~~~~
compilation terminated.
source: 
#include <zstd.h>
#include <zstd_errors.h>

void foo (void) {
     ZSTD_getFrameContentSize(NULL, 0);
}

DBG 10878: pkg-config check libm for CFLAGS (): pkg-config --short-errors --cflags libm
DBG 10878: 'pkg-config --short-errors --cflags libm' failed: No package 'libm' found
DBG 10878: Setting libm_PKGCONFIG (libm_PKGCONFIG) status to failed (action cont)
DBG 10878: Check libm_PKGCONFIG (, action cont (originally cont)) failed: 'pkg-config --short-errors --cflags libm' failed:
No package 'libm' found
DBG 10878: libm: Check for static library (libs -lm, arfile variable STATIC_LIB_libm=, static filenames )
DBG 10878: Compile check libm () (sub=0): gcc  -g -O2 -fPIC -Wall -Wsign-compare -Wfloat-equal -Wpointer-arith -Wcast-align -Wall -Werror _mkltmpgBf5kV.c -o _mkltmpgBf5kV.c.o  -L/home/sanjay/Desktop/vue-express-api/node_modules/node-rdkafka/build/deps -lm
DBG 10878: Setting libm (libm) status to ok (action disable)
DBG 10878: libm: from lib_check: LIBS: prepend -lm
DBG 10878: pkg-config check liblz4 for CFLAGS (WITH_LZ4_EXT): pkg-config --short-errors --cflags liblz4
DBG 10878: 'pkg-config --short-errors --cflags liblz4' failed: No package 'liblz4' found
DBG 10878: Setting liblz4_PKGCONFIG (liblz4_PKGCONFIG) status to failed (action cont)
DBG 10878: Check liblz4_PKGCONFIG (, action cont (originally cont)) failed: 'pkg-config --short-errors --cflags liblz4' failed:
No package 'liblz4' found
DBG 10878: liblz4: Check for static library (libs -llz4, arfile variable STATIC_LIB_liblz4=, static filenames liblz4.a)
DBG 10878: Compile check liblz4 (WITH_LZ4_EXT) (sub=0): gcc  -g -O2 -fPIC -Wall -Wsign-compare -Wfloat-equal -Wpointer-arith -Wcast-align -Wall -Werror _mkltmpmmiPRu.c -o _mkltmpmmiPRu.c.o  -L/home/sanjay/Desktop/vue-express-api/node_modules/node-rdkafka/build/deps -llz4
DBG 10878: compile check for liblz4 (WITH_LZ4_EXT) failed: gcc  -g -O2 -fPIC -Wall -Wsign-compare -Wfloat-equal -Wpointer-arith -Wcast-align -Wall -Werror _mkltmpmmiPRu.c -o _mkltmpmmiPRu.c.o  -L/home/sanjay/Desktop/vue-express-api/node_modules/node-rdkafka/build/deps -llz4: _mkltmpmmiPRu.c:1:10: fatal error: lz4frame.h: No such file or directory
 #include <lz4frame.h>
          ^~~~~~~~~~~~
compilation terminated.
DBG 10878: Setting liblz4 (liblz4) status to failed (action disable)
DBG 10878: Check liblz4 (WITH_LZ4_EXT, action disable (originally disable)) failed: compile check failed:
CC: CC
flags: -llz4
gcc  -g -O2 -fPIC -Wall -Wsign-compare -Wfloat-equal -Wpointer-arith -Wcast-align -Wall -Werror _mkltmpmmiPRu.c -o _mkltmpmmiPRu.c.o  -L/home/sanjay/Desktop/vue-express-api/node_modules/node-rdkafka/build/deps -llz4:
_mkltmpmmiPRu.c:1:10: fatal error: lz4frame.h: No such file or directory
 #include <lz4frame.h>
          ^~~~~~~~~~~~
compilation terminated.
source: #include <lz4frame.h>
DBG 10878: Compile check syslog (WITH_SYSLOG) (sub=0): gcc  -g -O2 -fPIC -Wall -Wsign-compare -Wfloat-equal -Wpointer-arith -Wcast-align -Wall -Werror _mkltmp0rS9Ya.c -o _mkltmp0rS9Ya.c.o  -L/home/sanjay/Desktop/vue-express-api/node_modules/node-rdkafka/build/deps 
DBG 10878: Setting syslog (syslog) status to ok (action disable)
DBG 10878: Compile check rapidjson (WITH_RAPIDJSON) (sub=0): g++  -g -O2 -fPIC -Wall -Wsign-compare -Wfloat-equal -Wpointer-arith -Wcast-align -Wall -Werror _mkltmpAEiWWN.cpp -o _mkltmpAEiWWN.cpp.o  -L/home/sanjay/Desktop/vue-express-api/node_modules/node-rdkafka/build/deps 
DBG 10878: compile check for rapidjson (WITH_RAPIDJSON) failed: g++  -g -O2 -fPIC -Wall -Wsign-compare -Wfloat-equal -Wpointer-arith -Wcast-align -Wall -Werror _mkltmpAEiWWN.cpp -o _mkltmpAEiWWN.cpp.o  -L/home/sanjay/Desktop/vue-express-api/node_modules/node-rdkafka/build/deps : _mkltmpAEiWWN.cpp:1:10: fatal error: rapidjson/schema.h: No such file or directory
 #include <rapidjson/schema.h>
          ^~~~~~~~~~~~~~~~~~~~
compilation terminated.
DBG 10878: Setting rapidjson (rapidjson) status to failed (action disable)
DBG 10878: Check rapidjson (WITH_RAPIDJSON, action disable (originally disable)) failed: compile check failed:
CC: CXX
flags: 
g++  -g -O2 -fPIC -Wall -Wsign-compare -Wfloat-equal -Wpointer-arith -Wcast-align -Wall -Werror _mkltmpAEiWWN.cpp -o _mkltmpAEiWWN.cpp.o  -L/home/sanjay/Desktop/vue-express-api/node_modules/node-rdkafka/build/deps :
_mkltmpAEiWWN.cpp:1:10: fatal error: rapidjson/schema.h: No such file or directory
 #include <rapidjson/schema.h>
          ^~~~~~~~~~~~~~~~~~~~
compilation terminated.
source: #include <rapidjson/schema.h>
DBG 10878: Compile check crc32chw (WITH_CRC32C_HW) (sub=0): gcc  -g -O2 -fPIC -Wall -Wsign-compare -Wfloat-equal -Wpointer-arith -Wcast-align -Wall -Werror _mkltmp0s30C2.c -o _mkltmp0s30C2.c.o  -L/home/sanjay/Desktop/vue-express-api/node_modules/node-rdkafka/build/deps 
DBG 10878: Setting crc32chw (crc32chw) status to ok (action disable)
DBG 10878: Compile check regex (HAVE_REGEX) (sub=0): gcc  -g -O2 -fPIC -Wall -Wsign-compare -Wfloat-equal -Wpointer-arith -Wcast-align -Wall -Werror _mkltmpxvVbzb.c -o _mkltmpxvVbzb.c.o  -L/home/sanjay/Desktop/vue-express-api/node_modules/node-rdkafka/build/deps 
DBG 10878: Setting regex (regex) status to ok (action disable)
DBG 10878: Compile check strndup (HAVE_STRNDUP) (sub=0): gcc  -g -O2 -fPIC -Wall -Wsign-compare -Wfloat-equal -Wpointer-arith -Wcast-align -Wall -Werror _mkltmpLzOXuF.c -o _mkltmpLzOXuF.c.o  -L/home/sanjay/Desktop/vue-express-api/node_modules/node-rdkafka/build/deps 
DBG 10878: Setting strndup (strndup) status to ok (action disable)
DBG 10878: Compile check strlcpy (HAVE_STRLCPY) (sub=0): gcc  -g -O2 -fPIC -Wall -Wsign-compare -Wfloat-equal -Wpointer-arith -Wcast-align -Wall -Werror _mkltmpB750qI.c -o _mkltmpB750qI.c.o  -L/home/sanjay/Desktop/vue-express-api/node_modules/node-rdkafka/build/deps 
DBG 10878: compile check for strlcpy (HAVE_STRLCPY) failed: gcc  -g -O2 -fPIC -Wall -Wsign-compare -Wfloat-equal -Wpointer-arith -Wcast-align -Wall -Werror _mkltmpB750qI.c -o _mkltmpB750qI.c.o  -L/home/sanjay/Desktop/vue-express-api/node_modules/node-rdkafka/build/deps : _mkltmpB750qI.c: In function ‘foo’:
_mkltmpB750qI.c:6:11: error: implicit declaration of function ‘strlcpy’; did you mean ‘strncpy’? [-Werror=implicit-function-declaration]
    return strlcpy(dest, "something", sizeof(dest));
           ^~~~~~~
           strncpy
cc1: all warnings being treated as errors
DBG 10878: Setting strlcpy (strlcpy) status to failed (action disable)
DBG 10878: Check strlcpy (HAVE_STRLCPY, action disable (originally disable)) failed: compile check failed:
CC: CC
flags: 
gcc  -g -O2 -fPIC -Wall -Wsign-compare -Wfloat-equal -Wpointer-arith -Wcast-align -Wall -Werror _mkltmpB750qI.c -o _mkltmpB750qI.c.o  -L/home/sanjay/Desktop/vue-express-api/node_modules/node-rdkafka/build/deps :
_mkltmpB750qI.c: In function ‘foo’:
_mkltmpB750qI.c:6:11: error: implicit declaration of function ‘strlcpy’; did you mean ‘strncpy’? [-Werror=implicit-function-declaration]
    return strlcpy(dest, "something", sizeof(dest));
           ^~~~~~~
           strncpy
cc1: all warnings being treated as errors
source: 
#define _DARWIN_C_SOURCE
#include <string.h>
int foo (void) {
    char dest[4];
   return strlcpy(dest, "something", sizeof(dest));
}
DBG 10878: Compile check strerror_r (HAVE_STRERROR_R) (sub=0): gcc  -g -O2 -fPIC -Wall -Wsign-compare -Wfloat-equal -Wpointer-arith -Wcast-align -Wall -Werror _mkltmpPCRpnc.c -o _mkltmpPCRpnc.c.o  -L/home/sanjay/Desktop/vue-express-api/node_modules/node-rdkafka/build/deps 
DBG 10878: Setting strerror_r (strerror_r) status to ok (action disable)
DBG 10878: Compile check pthread_setname_gnu (HAVE_PTHREAD_SETNAME_GNU) (sub=0): gcc  -g -O2 -fPIC -Wall -Wsign-compare -Wfloat-equal -Wpointer-arith -Wcast-align -Wall -Werror _mkltmpZzcd0G.c -o _mkltmpZzcd0G.c.o  -L/home/sanjay/Desktop/vue-express-api/node_modules/node-rdkafka/build/deps -D_GNU_SOURCE -lpthread
DBG 10878: Setting pthread_setname_gnu (pthread_setname_gnu) status to ok (action disable)
DBG 10878: Setting nm (nm) status to ok (action cont)
DBG 10878: Setting python3 (python3) status to ok (action disable)
DBG 10878: Compile check getrusage (HAVE_GETRUSAGE) (sub=0): gcc  -g -O2 -fPIC -Wall -Wsign-compare -Wfloat-equal -Wpointer-arith -Wcast-align -Wall -Werror _mkltmpT82CVY.c -o _mkltmpT82CVY.c.o  -L/home/sanjay/Desktop/vue-express-api/node_modules/node-rdkafka/build/deps 
DBG 10878: Setting getrusage (getrusage) status to ok (action disable)
